D:\WORK\SONAR\GOAP\GOAP\RELEASE\GOAP.PCH
D:\WORK\SONAR\GOAP\GOAP\RELEASE\STDAFX.OBJ
D:\WORK\SONAR\GOAP\GOAP\RELEASE\VC110.PDB
D:\WORK\SONAR\GOAP\GOAP\RELEASE\SCOREBOARD.OBJ
D:\WORK\SONAR\GOAP\GOAP\RELEASE\QUEUE.OBJ
D:\WORK\SONAR\GOAP\GOAP\RELEASE\GOAP.OBJ
D:\WORK\SONAR\GOAP\GOAP\RELEASE\ANODE.OBJ
D:\WORK\SONAR\GOAP\GOAP\RELEASE\GOAP.EXE
D:\WORK\SONAR\GOAP\GOAP\RELEASE\GOAP.PDB
D:\work\sonar\Goap\goap\Release\ANode.obj
D:\work\sonar\Goap\goap\Release\goap.obj
D:\work\sonar\Goap\goap\Release\queue.obj
D:\work\sonar\Goap\goap\Release\Scoreboard.obj
D:\work\sonar\Goap\goap\Release\stdafx.obj
D:\work\sonar\Goap\goap\Release\cl.command.1.tlog
D:\work\sonar\Goap\goap\Release\CL.read.1.tlog
D:\work\sonar\Goap\goap\Release\CL.write.1.tlog
D:\work\sonar\Goap\goap\Release\link-cvtres.read.1.tlog
D:\work\sonar\Goap\goap\Release\link-cvtres.write.1.tlog
D:\work\sonar\Goap\goap\Release\link-rc.read.1.tlog
D:\work\sonar\Goap\goap\Release\link-rc.write.1.tlog
D:\work\sonar\Goap\goap\Release\link.command.1.tlog
D:\work\sonar\Goap\goap\Release\link.read.1.tlog
D:\work\sonar\Goap\goap\Release\link.write.1.tlog
D:\work\sonar\Goap\goap\Release\goap.pch
D:\work\sonar\Goap\goap\Release\goap.pdb
D:\work\sonar\Goap\goap\Release\vc110.pdb
D:\work\sonar\Goap\goap\Release\goap.exe
